

*******************************************************************************
Tue Mar 15 00:47:32 2022


FIT:    data read from filen2 u 1:4
        format = x:z
        #datapoints = 16001
        residuals are weighted equally (unit weight)

function used for fitting: f2(x)
	f2(x)=a2
fitted parameters initialized with current variable values

iter      chisq       delta/lim  lambda   a2           
   0 2.3434717384e+08   0.00e+00  1.00e+00    1.000000e+00
   2 4.2823761697e+06  -2.10e-02  1.00e-02    1.209089e+02

After 2 iterations the fit converged.
final sum of squares of residuals : 4.28238e+06
rel. change during last iteration : -2.09805e-07

degrees of freedom    (FIT_NDF)                        : 16000
rms of residuals      (FIT_STDFIT) = sqrt(WSSR/ndf)    : 16.36
variance of residuals (reduced chisquare) = WSSR/ndf   : 267.649

Final set of parameters            Asymptotic Standard Error
=======================            ==========================
a2              = 120.909          +/- 0.1293       (0.107%)


*******************************************************************************
Tue Mar 15 00:47:32 2022


FIT:    data read from filen3 u 1:4
        format = x:z
        #datapoints = 16001
        residuals are weighted equally (unit weight)

function used for fitting: f3(x)
	f3(x)=a3
fitted parameters initialized with current variable values

iter      chisq       delta/lim  lambda   a3           
   0 2.7419778870e+08   0.00e+00  1.00e+00    1.000000e+00
   2 1.2373531551e+07  -8.26e-03  1.00e-02    1.289179e+02

After 2 iterations the fit converged.
final sum of squares of residuals : 1.23735e+07
rel. change during last iteration : -8.26357e-08

degrees of freedom    (FIT_NDF)                        : 16000
rms of residuals      (FIT_STDFIT) = sqrt(WSSR/ndf)    : 27.8091
variance of residuals (reduced chisquare) = WSSR/ndf   : 773.346

Final set of parameters            Asymptotic Standard Error
=======================            ==========================
a3              = 128.918          +/- 0.2198       (0.1705%)


*******************************************************************************
Tue Mar 15 00:47:32 2022


FIT:    data read from filen4 u 1:4
        format = x:z
        #datapoints = 16001
        residuals are weighted equally (unit weight)

function used for fitting: f4(x)
	f4(x)=a4
fitted parameters initialized with current variable values

iter      chisq       delta/lim  lambda   a4           
   0 1.8881392048e+08   0.00e+00  1.00e+00    1.000000e+00
   2 8.7375984150e+06  -8.05e-03  1.00e-02    1.070852e+02

After 2 iterations the fit converged.
final sum of squares of residuals : 8.7376e+06
rel. change during last iteration : -8.04852e-08

degrees of freedom    (FIT_NDF)                        : 16000
rms of residuals      (FIT_STDFIT) = sqrt(WSSR/ndf)    : 23.3688
variance of residuals (reduced chisquare) = WSSR/ndf   : 546.1

Final set of parameters            Asymptotic Standard Error
=======================            ==========================
a4              = 107.085          +/- 0.1847       (0.1725%)


*******************************************************************************
Tue Mar 15 00:47:32 2022


FIT:    data read from filen5 u 1:4
        format = x:z
        #datapoints = 16001
        residuals are weighted equally (unit weight)

function used for fitting: f5(x)
	f5(x)=a5
fitted parameters initialized with current variable values

iter      chisq       delta/lim  lambda   a5           
   0 1.3963605944e+08   0.00e+00  1.00e+00    1.000000e+00
   2 1.0584418742e+07  -4.76e-03  1.00e-02    9.080659e+01

After 2 iterations the fit converged.
final sum of squares of residuals : 1.05844e+07
rel. change during last iteration : -4.76155e-08

degrees of freedom    (FIT_NDF)                        : 16000
rms of residuals      (FIT_STDFIT) = sqrt(WSSR/ndf)    : 25.7202
variance of residuals (reduced chisquare) = WSSR/ndf   : 661.526

Final set of parameters            Asymptotic Standard Error
=======================            ==========================
a5              = 90.8066          +/- 0.2033       (0.2239%)


*******************************************************************************
Tue Mar 15 00:47:37 2022


FIT:    data read from filen2 u 1:4
        format = x:z
        #datapoints = 16001
        residuals are weighted equally (unit weight)

function used for fitting: g2(x)
	g2(x)=b2
fitted parameters initialized with current variable values

iter      chisq       delta/lim  lambda   b2           
   0 2.3434717384e+08   0.00e+00  1.00e+00    1.000000e+00
   2 4.2823761697e+06  -2.10e-02  1.00e-02    1.209089e+02

After 2 iterations the fit converged.
final sum of squares of residuals : 4.28238e+06
rel. change during last iteration : -2.09805e-07

degrees of freedom    (FIT_NDF)                        : 16000
rms of residuals      (FIT_STDFIT) = sqrt(WSSR/ndf)    : 16.36
variance of residuals (reduced chisquare) = WSSR/ndf   : 267.649

Final set of parameters            Asymptotic Standard Error
=======================            ==========================
b2              = 120.909          +/- 0.1293       (0.107%)


*******************************************************************************
Tue Mar 15 00:47:38 2022


FIT:    data read from filen3 u 1:4
        format = x:z
        #datapoints = 16001
        residuals are weighted equally (unit weight)

function used for fitting: g3(x)
	g3(x)=b3
fitted parameters initialized with current variable values

iter      chisq       delta/lim  lambda   b3           
   0 2.7419778870e+08   0.00e+00  1.00e+00    1.000000e+00
   2 1.2373531551e+07  -8.26e-03  1.00e-02    1.289179e+02

After 2 iterations the fit converged.
final sum of squares of residuals : 1.23735e+07
rel. change during last iteration : -8.26357e-08

degrees of freedom    (FIT_NDF)                        : 16000
rms of residuals      (FIT_STDFIT) = sqrt(WSSR/ndf)    : 27.8091
variance of residuals (reduced chisquare) = WSSR/ndf   : 773.346

Final set of parameters            Asymptotic Standard Error
=======================            ==========================
b3              = 128.918          +/- 0.2198       (0.1705%)


*******************************************************************************
Tue Mar 15 00:47:38 2022


FIT:    data read from filen4 u 1:4
        format = x:z
        #datapoints = 16001
        residuals are weighted equally (unit weight)

function used for fitting: g4(x)
	g4(x)=b4
fitted parameters initialized with current variable values

iter      chisq       delta/lim  lambda   b4           
   0 1.8881392048e+08   0.00e+00  1.00e+00    1.000000e+00
   2 8.7375984150e+06  -8.05e-03  1.00e-02    1.070852e+02

After 2 iterations the fit converged.
final sum of squares of residuals : 8.7376e+06
rel. change during last iteration : -8.04852e-08

degrees of freedom    (FIT_NDF)                        : 16000
rms of residuals      (FIT_STDFIT) = sqrt(WSSR/ndf)    : 23.3688
variance of residuals (reduced chisquare) = WSSR/ndf   : 546.1

Final set of parameters            Asymptotic Standard Error
=======================            ==========================
b4              = 107.085          +/- 0.1847       (0.1725%)


*******************************************************************************
Tue Mar 15 00:47:38 2022


FIT:    data read from filen5 u 1:4
        format = x:z
        #datapoints = 16001
        residuals are weighted equally (unit weight)

function used for fitting: g5(x)
	g5(x)=b5
fitted parameters initialized with current variable values

iter      chisq       delta/lim  lambda   b5           
   0 1.3963605944e+08   0.00e+00  1.00e+00    1.000000e+00
   2 1.0584418742e+07  -4.76e-03  1.00e-02    9.080659e+01

After 2 iterations the fit converged.
final sum of squares of residuals : 1.05844e+07
rel. change during last iteration : -4.76155e-08

degrees of freedom    (FIT_NDF)                        : 16000
rms of residuals      (FIT_STDFIT) = sqrt(WSSR/ndf)    : 25.7202
variance of residuals (reduced chisquare) = WSSR/ndf   : 661.526

Final set of parameters            Asymptotic Standard Error
=======================            ==========================
b5              = 90.8066          +/- 0.2033       (0.2239%)


*******************************************************************************
Tue Mar 15 00:47:43 2022


FIT:    data read from filen2 u 1:4
        format = x:z
        #datapoints = 16001
        residuals are weighted equally (unit weight)

function used for fitting: h2(x)
	h2(x)=c2
fitted parameters initialized with current variable values

iter      chisq       delta/lim  lambda   c2           
   0 2.3434717384e+08   0.00e+00  1.00e+00    1.000000e+00
   2 4.2823761697e+06  -2.10e-02  1.00e-02    1.209089e+02

After 2 iterations the fit converged.
final sum of squares of residuals : 4.28238e+06
rel. change during last iteration : -2.09805e-07

degrees of freedom    (FIT_NDF)                        : 16000
rms of residuals      (FIT_STDFIT) = sqrt(WSSR/ndf)    : 16.36
variance of residuals (reduced chisquare) = WSSR/ndf   : 267.649

Final set of parameters            Asymptotic Standard Error
=======================            ==========================
c2              = 120.909          +/- 0.1293       (0.107%)


*******************************************************************************
Tue Mar 15 00:47:43 2022


FIT:    data read from filen3 u 1:4
        format = x:z
        #datapoints = 16001
        residuals are weighted equally (unit weight)

function used for fitting: h3(x)
	h3(x)=c3
fitted parameters initialized with current variable values

iter      chisq       delta/lim  lambda   c3           
   0 2.7419778870e+08   0.00e+00  1.00e+00    1.000000e+00
   2 1.2373531551e+07  -8.26e-03  1.00e-02    1.289179e+02

After 2 iterations the fit converged.
final sum of squares of residuals : 1.23735e+07
rel. change during last iteration : -8.26357e-08

degrees of freedom    (FIT_NDF)                        : 16000
rms of residuals      (FIT_STDFIT) = sqrt(WSSR/ndf)    : 27.8091
variance of residuals (reduced chisquare) = WSSR/ndf   : 773.346

Final set of parameters            Asymptotic Standard Error
=======================            ==========================
c3              = 128.918          +/- 0.2198       (0.1705%)


*******************************************************************************
Tue Mar 15 00:47:43 2022


FIT:    data read from filen4 u 1:4
        format = x:z
        #datapoints = 16001
        residuals are weighted equally (unit weight)

function used for fitting: h4(x)
	h4(x)=c4
fitted parameters initialized with current variable values

iter      chisq       delta/lim  lambda   c4           
   0 1.8881392048e+08   0.00e+00  1.00e+00    1.000000e+00
   2 8.7375984150e+06  -8.05e-03  1.00e-02    1.070852e+02

After 2 iterations the fit converged.
final sum of squares of residuals : 8.7376e+06
rel. change during last iteration : -8.04852e-08

degrees of freedom    (FIT_NDF)                        : 16000
rms of residuals      (FIT_STDFIT) = sqrt(WSSR/ndf)    : 23.3688
variance of residuals (reduced chisquare) = WSSR/ndf   : 546.1

Final set of parameters            Asymptotic Standard Error
=======================            ==========================
c4              = 107.085          +/- 0.1847       (0.1725%)


*******************************************************************************
Tue Mar 15 00:47:43 2022


FIT:    data read from filen5 u 1:4
        format = x:z
        #datapoints = 16001
        residuals are weighted equally (unit weight)

function used for fitting: h5(x)
	h5(x)=c5
fitted parameters initialized with current variable values

iter      chisq       delta/lim  lambda   c5           
   0 1.3963605944e+08   0.00e+00  1.00e+00    1.000000e+00
   2 1.0584418742e+07  -4.76e-03  1.00e-02    9.080659e+01

After 2 iterations the fit converged.
final sum of squares of residuals : 1.05844e+07
rel. change during last iteration : -4.76155e-08

degrees of freedom    (FIT_NDF)                        : 16000
rms of residuals      (FIT_STDFIT) = sqrt(WSSR/ndf)    : 25.7202
variance of residuals (reduced chisquare) = WSSR/ndf   : 661.526

Final set of parameters            Asymptotic Standard Error
=======================            ==========================
c5              = 90.8066          +/- 0.2033       (0.2239%)
